{"C:\\Users\\Fa\\Desktop\\Coding and programming\\cse341-web-services\\team-project\\team3_recipeApp\\controllers\\recipe.js": {"path":"C:\\Users\\Fa\\Desktop\\Coding and programming\\cse341-web-services\\team-project\\team3_recipeApp\\controllers\\recipe.js","statementMap":{"0":{"start":{"line":1,"column":16},"end":{"line":1,"column":43}},"1":{"start":{"line":2,"column":17},"end":{"line":2,"column":44}},"2":{"start":{"line":3,"column":12},"end":{"line":3,"column":26}},"3":{"start":{"line":5,"column":21},"end":{"line":10,"column":2}},"4":{"start":{"line":12,"column":21},"end":{"line":17,"column":2}},"5":{"start":{"line":19,"column":17},"end":{"line":24,"column":25}},"6":{"start":{"line":20,"column":4},"end":{"line":22,"column":5}},"7":{"start":{"line":21,"column":8},"end":{"line":21,"column":51}},"8":{"start":{"line":23,"column":4},"end":{"line":23,"column":17}},"9":{"start":{"line":27,"column":15},"end":{"line":58,"column":1}},"10":{"start":{"line":29,"column":4},"end":{"line":57,"column":9}},"11":{"start":{"line":30,"column":33},"end":{"line":30,"column":65}},"12":{"start":{"line":32,"column":12},"end":{"line":34,"column":13}},"13":{"start":{"line":33,"column":16},"end":{"line":33,"column":105}},"14":{"start":{"line":37,"column":24},"end":{"line":37,"column":26}},"15":{"start":{"line":38,"column":12},"end":{"line":40,"column":13}},"16":{"start":{"line":39,"column":16},"end":{"line":39,"column":40}},"17":{"start":{"line":41,"column":12},"end":{"line":43,"column":13}},"18":{"start":{"line":42,"column":16},"end":{"line":42,"column":54}},"19":{"start":{"line":44,"column":12},"end":{"line":46,"column":13}},"20":{"start":{"line":45,"column":16},"end":{"line":45,"column":48}},"21":{"start":{"line":47,"column":12},"end":{"line":49,"column":13}},"22":{"start":{"line":48,"column":16},"end":{"line":48,"column":55}},"23":{"start":{"line":51,"column":23},"end":{"line":51,"column":98}},"24":{"start":{"line":52,"column":8},"end":{"line":52,"column":58}},"25":{"start":{"line":53,"column":8},"end":{"line":53,"column":37}},"26":{"start":{"line":55,"column":12},"end":{"line":55,"column":67}},"27":{"start":{"line":56,"column":12},"end":{"line":56,"column":111}},"28":{"start":{"line":60,"column":18},"end":{"line":77,"column":1}},"29":{"start":{"line":62,"column":4},"end":{"line":76,"column":5}},"30":{"start":{"line":63,"column":26},"end":{"line":63,"column":58}},"31":{"start":{"line":64,"column":8},"end":{"line":66,"column":9}},"32":{"start":{"line":65,"column":12},"end":{"line":65,"column":101}},"33":{"start":{"line":68,"column":25},"end":{"line":68,"column":52}},"34":{"start":{"line":69,"column":25},"end":{"line":69,"column":111}},"35":{"start":{"line":70,"column":8},"end":{"line":70,"column":58}},"36":{"start":{"line":71,"column":8},"end":{"line":71,"column":39}},"37":{"start":{"line":74,"column":8},"end":{"line":74,"column":63}},"38":{"start":{"line":75,"column":8},"end":{"line":75,"column":107}},"39":{"start":{"line":79,"column":21},"end":{"line":99,"column":1}},"40":{"start":{"line":82,"column":29},"end":{"line":82,"column":60}},"41":{"start":{"line":83,"column":4},"end":{"line":86,"column":5}},"42":{"start":{"line":85,"column":8},"end":{"line":85,"column":97}},"43":{"start":{"line":87,"column":19},"end":{"line":92,"column":5}},"44":{"start":{"line":93,"column":21},"end":{"line":93,"column":92}},"45":{"start":{"line":94,"column":4},"end":{"line":98,"column":5}},"46":{"start":{"line":95,"column":8},"end":{"line":95,"column":31}},"47":{"start":{"line":97,"column":8},"end":{"line":97,"column":95}},"48":{"start":{"line":101,"column":21},"end":{"line":123,"column":1}},"49":{"start":{"line":104,"column":29},"end":{"line":104,"column":60}},"50":{"start":{"line":105,"column":4},"end":{"line":108,"column":5}},"51":{"start":{"line":107,"column":8},"end":{"line":107,"column":97}},"52":{"start":{"line":110,"column":21},"end":{"line":110,"column":48}},"53":{"start":{"line":111,"column":19},"end":{"line":116,"column":5}},"54":{"start":{"line":117,"column":21},"end":{"line":117,"column":114}},"55":{"start":{"line":118,"column":4},"end":{"line":122,"column":5}},"56":{"start":{"line":119,"column":8},"end":{"line":119,"column":31}},"57":{"start":{"line":121,"column":8},"end":{"line":121,"column":96}},"58":{"start":{"line":125,"column":21},"end":{"line":144,"column":1}},"59":{"start":{"line":127,"column":4},"end":{"line":143,"column":5}},"60":{"start":{"line":128,"column":26},"end":{"line":128,"column":58}},"61":{"start":{"line":129,"column":8},"end":{"line":131,"column":9}},"62":{"start":{"line":130,"column":12},"end":{"line":130,"column":101}},"63":{"start":{"line":133,"column":25},"end":{"line":133,"column":52}},"64":{"start":{"line":134,"column":25},"end":{"line":134,"column":107}},"65":{"start":{"line":135,"column":8},"end":{"line":139,"column":9}},"66":{"start":{"line":136,"column":12},"end":{"line":136,"column":35}},"67":{"start":{"line":138,"column":12},"end":{"line":138,"column":96}},"68":{"start":{"line":141,"column":8},"end":{"line":141,"column":63}},"69":{"start":{"line":142,"column":8},"end":{"line":142,"column":87}},"70":{"start":{"line":146,"column":0},"end":{"line":152,"column":2}}},"fnMap":{"0":{"name":"(anonymous_0)","decl":{"start":{"line":19,"column":37},"end":{"line":19,"column":38}},"loc":{"start":{"line":19,"column":57},"end":{"line":24,"column":1}},"line":19},"1":{"name":"(anonymous_1)","decl":{"start":{"line":27,"column":15},"end":{"line":27,"column":16}},"loc":{"start":{"line":27,"column":33},"end":{"line":58,"column":1}},"line":27},"2":{"name":"(anonymous_2)","decl":{"start":{"line":60,"column":18},"end":{"line":60,"column":19}},"loc":{"start":{"line":60,"column":36},"end":{"line":77,"column":1}},"line":60},"3":{"name":"(anonymous_3)","decl":{"start":{"line":79,"column":21},"end":{"line":79,"column":22}},"loc":{"start":{"line":79,"column":39},"end":{"line":99,"column":1}},"line":79},"4":{"name":"(anonymous_4)","decl":{"start":{"line":101,"column":21},"end":{"line":101,"column":22}},"loc":{"start":{"line":101,"column":40},"end":{"line":123,"column":1}},"line":101},"5":{"name":"(anonymous_5)","decl":{"start":{"line":125,"column":21},"end":{"line":125,"column":22}},"loc":{"start":{"line":125,"column":40},"end":{"line":144,"column":1}},"line":125}},"branchMap":{"0":{"loc":{"start":{"line":20,"column":4},"end":{"line":22,"column":5}},"type":"if","locations":[{"start":{"line":20,"column":4},"end":{"line":22,"column":5}},{"start":{},"end":{}}],"line":20},"1":{"loc":{"start":{"line":32,"column":12},"end":{"line":34,"column":13}},"type":"if","locations":[{"start":{"line":32,"column":12},"end":{"line":34,"column":13}},{"start":{},"end":{}}],"line":32},"2":{"loc":{"start":{"line":38,"column":12},"end":{"line":40,"column":13}},"type":"if","locations":[{"start":{"line":38,"column":12},"end":{"line":40,"column":13}},{"start":{},"end":{}}],"line":38},"3":{"loc":{"start":{"line":41,"column":12},"end":{"line":43,"column":13}},"type":"if","locations":[{"start":{"line":41,"column":12},"end":{"line":43,"column":13}},{"start":{},"end":{}}],"line":41},"4":{"loc":{"start":{"line":44,"column":12},"end":{"line":46,"column":13}},"type":"if","locations":[{"start":{"line":44,"column":12},"end":{"line":46,"column":13}},{"start":{},"end":{}}],"line":44},"5":{"loc":{"start":{"line":47,"column":12},"end":{"line":49,"column":13}},"type":"if","locations":[{"start":{"line":47,"column":12},"end":{"line":49,"column":13}},{"start":{},"end":{}}],"line":47},"6":{"loc":{"start":{"line":64,"column":8},"end":{"line":66,"column":9}},"type":"if","locations":[{"start":{"line":64,"column":8},"end":{"line":66,"column":9}},{"start":{},"end":{}}],"line":64},"7":{"loc":{"start":{"line":83,"column":4},"end":{"line":86,"column":5}},"type":"if","locations":[{"start":{"line":83,"column":4},"end":{"line":86,"column":5}},{"start":{},"end":{}}],"line":83},"8":{"loc":{"start":{"line":94,"column":4},"end":{"line":98,"column":5}},"type":"if","locations":[{"start":{"line":94,"column":4},"end":{"line":98,"column":5}},{"start":{"line":96,"column":11},"end":{"line":98,"column":5}}],"line":94},"9":{"loc":{"start":{"line":97,"column":29},"end":{"line":97,"column":93}},"type":"binary-expr","locations":[{"start":{"line":97,"column":29},"end":{"line":97,"column":43}},{"start":{"line":97,"column":47},"end":{"line":97,"column":93}}],"line":97},"10":{"loc":{"start":{"line":105,"column":4},"end":{"line":108,"column":5}},"type":"if","locations":[{"start":{"line":105,"column":4},"end":{"line":108,"column":5}},{"start":{},"end":{}}],"line":105},"11":{"loc":{"start":{"line":118,"column":4},"end":{"line":122,"column":5}},"type":"if","locations":[{"start":{"line":118,"column":4},"end":{"line":122,"column":5}},{"start":{"line":120,"column":11},"end":{"line":122,"column":5}}],"line":118},"12":{"loc":{"start":{"line":121,"column":29},"end":{"line":121,"column":94}},"type":"binary-expr","locations":[{"start":{"line":121,"column":29},"end":{"line":121,"column":43}},{"start":{"line":121,"column":47},"end":{"line":121,"column":94}}],"line":121},"13":{"loc":{"start":{"line":129,"column":8},"end":{"line":131,"column":9}},"type":"if","locations":[{"start":{"line":129,"column":8},"end":{"line":131,"column":9}},{"start":{},"end":{}}],"line":129},"14":{"loc":{"start":{"line":135,"column":8},"end":{"line":139,"column":9}},"type":"if","locations":[{"start":{"line":135,"column":8},"end":{"line":139,"column":9}},{"start":{"line":137,"column":15},"end":{"line":139,"column":9}}],"line":135},"15":{"loc":{"start":{"line":138,"column":28},"end":{"line":138,"column":94}},"type":"binary-expr","locations":[{"start":{"line":138,"column":28},"end":{"line":138,"column":42}},{"start":{"line":138,"column":46},"end":{"line":138,"column":94}}],"line":138}},"s":{"0":1,"1":1,"2":1,"3":1,"4":1,"5":1,"6":2,"7":0,"8":2,"9":1,"10":1,"11":1,"12":1,"13":0,"14":1,"15":1,"16":0,"17":1,"18":0,"19":1,"20":0,"21":1,"22":0,"23":1,"24":1,"25":1,"26":0,"27":0,"28":1,"29":1,"30":1,"31":1,"32":0,"33":1,"34":1,"35":1,"36":1,"37":0,"38":0,"39":1,"40":1,"41":1,"42":0,"43":1,"44":1,"45":1,"46":1,"47":0,"48":1,"49":1,"50":1,"51":0,"52":1,"53":1,"54":1,"55":1,"56":1,"57":0,"58":1,"59":1,"60":1,"61":1,"62":0,"63":1,"64":1,"65":1,"66":1,"67":0,"68":0,"69":0,"70":1},"f":{"0":2,"1":1,"2":1,"3":1,"4":1,"5":1},"b":{"0":[0,2],"1":[0,1],"2":[0,1],"3":[0,1],"4":[0,1],"5":[0,1],"6":[0,1],"7":[0,1],"8":[1,0],"9":[0,0],"10":[0,1],"11":[1,0],"12":[0,0],"13":[0,1],"14":[1,0],"15":[0,0]},"_coverageSchema":"1a1c01bbd47fc00a2c39e90264f33305004495a9","hash":"870866632b90e986b0d5315a79f8204ab0e8acac"}
,"C:\\Users\\Fa\\Desktop\\Coding and programming\\cse341-web-services\\team-project\\team3_recipeApp\\controllers\\users.js": {"path":"C:\\Users\\Fa\\Desktop\\Coding and programming\\cse341-web-services\\team-project\\team3_recipeApp\\controllers\\users.js","statementMap":{"0":{"start":{"line":1,"column":16},"end":{"line":1,"column":43}},"1":{"start":{"line":2,"column":17},"end":{"line":2,"column":44}},"2":{"start":{"line":3,"column":12},"end":{"line":3,"column":26}},"3":{"start":{"line":5,"column":19},"end":{"line":9,"column":2}},"4":{"start":{"line":11,"column":21},"end":{"line":15,"column":2}},"5":{"start":{"line":17,"column":17},"end":{"line":22,"column":25}},"6":{"start":{"line":18,"column":4},"end":{"line":20,"column":5}},"7":{"start":{"line":19,"column":8},"end":{"line":19,"column":51}},"8":{"start":{"line":21,"column":4},"end":{"line":21,"column":17}},"9":{"start":{"line":25,"column":15},"end":{"line":57,"column":1}},"10":{"start":{"line":27,"column":4},"end":{"line":56,"column":5}},"11":{"start":{"line":28,"column":33},"end":{"line":28,"column":65}},"12":{"start":{"line":30,"column":8},"end":{"line":32,"column":9}},"13":{"start":{"line":31,"column":12},"end":{"line":31,"column":101}},"14":{"start":{"line":35,"column":20},"end":{"line":35,"column":22}},"15":{"start":{"line":37,"column":8},"end":{"line":39,"column":9}},"16":{"start":{"line":38,"column":12},"end":{"line":38,"column":44}},"17":{"start":{"line":41,"column":8},"end":{"line":43,"column":9}},"18":{"start":{"line":42,"column":12},"end":{"line":42,"column":38}},"19":{"start":{"line":45,"column":8},"end":{"line":47,"column":9}},"20":{"start":{"line":46,"column":12},"end":{"line":46,"column":44}},"21":{"start":{"line":50,"column":22},"end":{"line":50,"column":96}},"22":{"start":{"line":51,"column":8},"end":{"line":51,"column":58}},"23":{"start":{"line":52,"column":8},"end":{"line":52,"column":36}},"24":{"start":{"line":54,"column":8},"end":{"line":54,"column":61}},"25":{"start":{"line":55,"column":8},"end":{"line":55,"column":82}},"26":{"start":{"line":59,"column":18},"end":{"line":76,"column":1}},"27":{"start":{"line":61,"column":4},"end":{"line":75,"column":5}},"28":{"start":{"line":62,"column":26},"end":{"line":62,"column":58}},"29":{"start":{"line":63,"column":8},"end":{"line":65,"column":9}},"30":{"start":{"line":64,"column":12},"end":{"line":64,"column":101}},"31":{"start":{"line":67,"column":23},"end":{"line":67,"column":50}},"32":{"start":{"line":68,"column":25},"end":{"line":68,"column":108}},"33":{"start":{"line":69,"column":8},"end":{"line":69,"column":58}},"34":{"start":{"line":70,"column":8},"end":{"line":70,"column":39}},"35":{"start":{"line":73,"column":8},"end":{"line":73,"column":61}},"36":{"start":{"line":74,"column":8},"end":{"line":74,"column":105}},"37":{"start":{"line":78,"column":19},"end":{"line":97,"column":1}},"38":{"start":{"line":80,"column":29},"end":{"line":80,"column":58}},"39":{"start":{"line":81,"column":4},"end":{"line":84,"column":5}},"40":{"start":{"line":83,"column":8},"end":{"line":83,"column":97}},"41":{"start":{"line":86,"column":17},"end":{"line":90,"column":5}},"42":{"start":{"line":91,"column":21},"end":{"line":91,"column":89}},"43":{"start":{"line":92,"column":4},"end":{"line":96,"column":5}},"44":{"start":{"line":93,"column":8},"end":{"line":93,"column":31}},"45":{"start":{"line":95,"column":8},"end":{"line":95,"column":93}},"46":{"start":{"line":99,"column":19},"end":{"line":119,"column":1}},"47":{"start":{"line":101,"column":29},"end":{"line":101,"column":58}},"48":{"start":{"line":102,"column":4},"end":{"line":105,"column":5}},"49":{"start":{"line":104,"column":8},"end":{"line":104,"column":97}},"50":{"start":{"line":107,"column":19},"end":{"line":107,"column":46}},"51":{"start":{"line":108,"column":17},"end":{"line":112,"column":5}},"52":{"start":{"line":113,"column":21},"end":{"line":113,"column":109}},"53":{"start":{"line":114,"column":4},"end":{"line":118,"column":5}},"54":{"start":{"line":115,"column":8},"end":{"line":115,"column":31}},"55":{"start":{"line":117,"column":8},"end":{"line":117,"column":97}},"56":{"start":{"line":121,"column":19},"end":{"line":139,"column":1}},"57":{"start":{"line":123,"column":4},"end":{"line":138,"column":5}},"58":{"start":{"line":124,"column":26},"end":{"line":124,"column":58}},"59":{"start":{"line":125,"column":8},"end":{"line":127,"column":9}},"60":{"start":{"line":126,"column":12},"end":{"line":126,"column":101}},"61":{"start":{"line":128,"column":23},"end":{"line":128,"column":50}},"62":{"start":{"line":129,"column":25},"end":{"line":129,"column":104}},"63":{"start":{"line":130,"column":8},"end":{"line":134,"column":9}},"64":{"start":{"line":131,"column":12},"end":{"line":131,"column":35}},"65":{"start":{"line":133,"column":12},"end":{"line":133,"column":112}},"66":{"start":{"line":136,"column":8},"end":{"line":136,"column":61}},"67":{"start":{"line":137,"column":8},"end":{"line":137,"column":85}},"68":{"start":{"line":141,"column":0},"end":{"line":147,"column":2}}},"fnMap":{"0":{"name":"(anonymous_0)","decl":{"start":{"line":17,"column":37},"end":{"line":17,"column":38}},"loc":{"start":{"line":17,"column":57},"end":{"line":22,"column":1}},"line":17},"1":{"name":"(anonymous_1)","decl":{"start":{"line":25,"column":15},"end":{"line":25,"column":16}},"loc":{"start":{"line":25,"column":33},"end":{"line":57,"column":1}},"line":25},"2":{"name":"(anonymous_2)","decl":{"start":{"line":59,"column":18},"end":{"line":59,"column":19}},"loc":{"start":{"line":59,"column":36},"end":{"line":76,"column":1}},"line":59},"3":{"name":"(anonymous_3)","decl":{"start":{"line":78,"column":19},"end":{"line":78,"column":20}},"loc":{"start":{"line":78,"column":37},"end":{"line":97,"column":1}},"line":78},"4":{"name":"(anonymous_4)","decl":{"start":{"line":99,"column":19},"end":{"line":99,"column":20}},"loc":{"start":{"line":99,"column":38},"end":{"line":119,"column":1}},"line":99},"5":{"name":"(anonymous_5)","decl":{"start":{"line":121,"column":19},"end":{"line":121,"column":20}},"loc":{"start":{"line":121,"column":38},"end":{"line":139,"column":1}},"line":121}},"branchMap":{"0":{"loc":{"start":{"line":18,"column":4},"end":{"line":20,"column":5}},"type":"if","locations":[{"start":{"line":18,"column":4},"end":{"line":20,"column":5}},{"start":{},"end":{}}],"line":18},"1":{"loc":{"start":{"line":30,"column":8},"end":{"line":32,"column":9}},"type":"if","locations":[{"start":{"line":30,"column":8},"end":{"line":32,"column":9}},{"start":{},"end":{}}],"line":30},"2":{"loc":{"start":{"line":37,"column":8},"end":{"line":39,"column":9}},"type":"if","locations":[{"start":{"line":37,"column":8},"end":{"line":39,"column":9}},{"start":{},"end":{}}],"line":37},"3":{"loc":{"start":{"line":41,"column":8},"end":{"line":43,"column":9}},"type":"if","locations":[{"start":{"line":41,"column":8},"end":{"line":43,"column":9}},{"start":{},"end":{}}],"line":41},"4":{"loc":{"start":{"line":45,"column":8},"end":{"line":47,"column":9}},"type":"if","locations":[{"start":{"line":45,"column":8},"end":{"line":47,"column":9}},{"start":{},"end":{}}],"line":45},"5":{"loc":{"start":{"line":63,"column":8},"end":{"line":65,"column":9}},"type":"if","locations":[{"start":{"line":63,"column":8},"end":{"line":65,"column":9}},{"start":{},"end":{}}],"line":63},"6":{"loc":{"start":{"line":81,"column":4},"end":{"line":84,"column":5}},"type":"if","locations":[{"start":{"line":81,"column":4},"end":{"line":84,"column":5}},{"start":{},"end":{}}],"line":81},"7":{"loc":{"start":{"line":92,"column":4},"end":{"line":96,"column":5}},"type":"if","locations":[{"start":{"line":92,"column":4},"end":{"line":96,"column":5}},{"start":{"line":94,"column":11},"end":{"line":96,"column":5}}],"line":92},"8":{"loc":{"start":{"line":95,"column":29},"end":{"line":95,"column":91}},"type":"binary-expr","locations":[{"start":{"line":95,"column":29},"end":{"line":95,"column":43}},{"start":{"line":95,"column":47},"end":{"line":95,"column":91}}],"line":95},"9":{"loc":{"start":{"line":102,"column":4},"end":{"line":105,"column":5}},"type":"if","locations":[{"start":{"line":102,"column":4},"end":{"line":105,"column":5}},{"start":{},"end":{}}],"line":102},"10":{"loc":{"start":{"line":114,"column":4},"end":{"line":118,"column":5}},"type":"if","locations":[{"start":{"line":114,"column":4},"end":{"line":118,"column":5}},{"start":{"line":116,"column":11},"end":{"line":118,"column":5}}],"line":114},"11":{"loc":{"start":{"line":117,"column":29},"end":{"line":117,"column":95}},"type":"binary-expr","locations":[{"start":{"line":117,"column":29},"end":{"line":117,"column":43}},{"start":{"line":117,"column":47},"end":{"line":117,"column":95}}],"line":117},"12":{"loc":{"start":{"line":125,"column":8},"end":{"line":127,"column":9}},"type":"if","locations":[{"start":{"line":125,"column":8},"end":{"line":127,"column":9}},{"start":{},"end":{}}],"line":125},"13":{"loc":{"start":{"line":130,"column":8},"end":{"line":134,"column":9}},"type":"if","locations":[{"start":{"line":130,"column":8},"end":{"line":134,"column":9}},{"start":{"line":132,"column":15},"end":{"line":134,"column":9}}],"line":130},"14":{"loc":{"start":{"line":133,"column":44},"end":{"line":133,"column":108}},"type":"binary-expr","locations":[{"start":{"line":133,"column":44},"end":{"line":133,"column":58}},{"start":{"line":133,"column":62},"end":{"line":133,"column":108}}],"line":133}},"s":{"0":1,"1":1,"2":1,"3":1,"4":1,"5":1,"6":2,"7":0,"8":2,"9":1,"10":1,"11":1,"12":1,"13":0,"14":1,"15":1,"16":0,"17":1,"18":0,"19":1,"20":0,"21":1,"22":1,"23":1,"24":0,"25":0,"26":1,"27":1,"28":1,"29":1,"30":0,"31":1,"32":1,"33":1,"34":1,"35":0,"36":0,"37":1,"38":1,"39":1,"40":0,"41":1,"42":1,"43":1,"44":1,"45":0,"46":1,"47":1,"48":1,"49":0,"50":1,"51":1,"52":1,"53":1,"54":1,"55":0,"56":1,"57":1,"58":1,"59":1,"60":0,"61":1,"62":1,"63":1,"64":1,"65":0,"66":0,"67":0,"68":1},"f":{"0":2,"1":1,"2":1,"3":1,"4":1,"5":1},"b":{"0":[0,2],"1":[0,1],"2":[0,1],"3":[0,1],"4":[0,1],"5":[0,1],"6":[0,1],"7":[1,0],"8":[0,0],"9":[0,1],"10":[1,0],"11":[0,0],"12":[0,1],"13":[1,0],"14":[0,0]},"_coverageSchema":"1a1c01bbd47fc00a2c39e90264f33305004495a9","hash":"db65e7986d99690fb3779ce161250445e889af9d"}
,"C:\\Users\\Fa\\Desktop\\Coding and programming\\cse341-web-services\\team-project\\team3_recipeApp\\data\\database.js": {"path":"C:\\Users\\Fa\\Desktop\\Coding and programming\\cse341-web-services\\team-project\\team3_recipeApp\\data\\database.js","statementMap":{"0":{"start":{"line":1,"column":15},"end":{"line":1,"column":32}},"1":{"start":{"line":2,"column":0},"end":{"line":2,"column":16}},"2":{"start":{"line":4,"column":20},"end":{"line":4,"column":50}},"3":{"start":{"line":8,"column":15},"end":{"line":21,"column":1}},"4":{"start":{"line":9,"column":4},"end":{"line":12,"column":5}},"5":{"start":{"line":10,"column":8},"end":{"line":10,"column":49}},"6":{"start":{"line":11,"column":8},"end":{"line":11,"column":40}},"7":{"start":{"line":13,"column":4},"end":{"line":20,"column":6}},"8":{"start":{"line":15,"column":8},"end":{"line":15,"column":26}},"9":{"start":{"line":16,"column":8},"end":{"line":16,"column":33}},"10":{"start":{"line":19,"column":8},"end":{"line":19,"column":22}},"11":{"start":{"line":23,"column":20},"end":{"line":28,"column":1}},"12":{"start":{"line":24,"column":4},"end":{"line":26,"column":5}},"13":{"start":{"line":25,"column":8},"end":{"line":25,"column":48}},"14":{"start":{"line":27,"column":4},"end":{"line":27,"column":20}},"15":{"start":{"line":30,"column":0},"end":{"line":33,"column":2}}},"fnMap":{"0":{"name":"(anonymous_0)","decl":{"start":{"line":8,"column":15},"end":{"line":8,"column":16}},"loc":{"start":{"line":8,"column":29},"end":{"line":21,"column":1}},"line":8},"1":{"name":"(anonymous_1)","decl":{"start":{"line":14,"column":10},"end":{"line":14,"column":11}},"loc":{"start":{"line":14,"column":22},"end":{"line":17,"column":5}},"line":14},"2":{"name":"(anonymous_2)","decl":{"start":{"line":18,"column":11},"end":{"line":18,"column":12}},"loc":{"start":{"line":18,"column":20},"end":{"line":20,"column":5}},"line":18},"3":{"name":"(anonymous_3)","decl":{"start":{"line":23,"column":20},"end":{"line":23,"column":21}},"loc":{"start":{"line":23,"column":26},"end":{"line":28,"column":1}},"line":23}},"branchMap":{"0":{"loc":{"start":{"line":9,"column":4},"end":{"line":12,"column":5}},"type":"if","locations":[{"start":{"line":9,"column":4},"end":{"line":12,"column":5}},{"start":{},"end":{}}],"line":9},"1":{"loc":{"start":{"line":24,"column":4},"end":{"line":26,"column":5}},"type":"if","locations":[{"start":{"line":24,"column":4},"end":{"line":26,"column":5}},{"start":{},"end":{}}],"line":24}},"s":{"0":2,"1":2,"2":2,"3":2,"4":0,"5":0,"6":0,"7":0,"8":0,"9":0,"10":0,"11":2,"12":0,"13":0,"14":0,"15":2},"f":{"0":0,"1":0,"2":0,"3":0},"b":{"0":[0,0],"1":[0,0]},"_coverageSchema":"1a1c01bbd47fc00a2c39e90264f33305004495a9","hash":"5d0af14d82656c65585703f502ca8f14479e6f58"}
}
