{"C:\\Users\\Fa\\Desktop\\Coding and programming\\cse341-web-services\\team-project\\team3_recipeApp\\controllers\\recipe.js": {"path":"C:\\Users\\Fa\\Desktop\\Coding and programming\\cse341-web-services\\team-project\\team3_recipeApp\\controllers\\recipe.js","statementMap":{"0":{"start":{"line":1,"column":16},"end":{"line":1,"column":43}},"1":{"start":{"line":2,"column":17},"end":{"line":2,"column":44}},"2":{"start":{"line":3,"column":12},"end":{"line":3,"column":26}},"3":{"start":{"line":5,"column":21},"end":{"line":10,"column":2}},"4":{"start":{"line":12,"column":21},"end":{"line":17,"column":2}},"5":{"start":{"line":19,"column":17},"end":{"line":24,"column":25}},"6":{"start":{"line":20,"column":4},"end":{"line":22,"column":5}},"7":{"start":{"line":21,"column":8},"end":{"line":21,"column":51}},"8":{"start":{"line":23,"column":4},"end":{"line":23,"column":17}},"9":{"start":{"line":27,"column":15},"end":{"line":58,"column":1}},"10":{"start":{"line":29,"column":4},"end":{"line":57,"column":9}},"11":{"start":{"line":30,"column":33},"end":{"line":30,"column":65}},"12":{"start":{"line":32,"column":12},"end":{"line":34,"column":13}},"13":{"start":{"line":33,"column":16},"end":{"line":33,"column":105}},"14":{"start":{"line":37,"column":24},"end":{"line":37,"column":26}},"15":{"start":{"line":38,"column":12},"end":{"line":40,"column":13}},"16":{"start":{"line":39,"column":16},"end":{"line":39,"column":40}},"17":{"start":{"line":41,"column":12},"end":{"line":43,"column":13}},"18":{"start":{"line":42,"column":16},"end":{"line":42,"column":54}},"19":{"start":{"line":44,"column":12},"end":{"line":46,"column":13}},"20":{"start":{"line":45,"column":16},"end":{"line":45,"column":48}},"21":{"start":{"line":47,"column":12},"end":{"line":49,"column":13}},"22":{"start":{"line":48,"column":16},"end":{"line":48,"column":55}},"23":{"start":{"line":51,"column":23},"end":{"line":51,"column":98}},"24":{"start":{"line":52,"column":8},"end":{"line":52,"column":58}},"25":{"start":{"line":53,"column":8},"end":{"line":53,"column":37}},"26":{"start":{"line":55,"column":12},"end":{"line":55,"column":67}},"27":{"start":{"line":56,"column":12},"end":{"line":56,"column":111}},"28":{"start":{"line":60,"column":18},"end":{"line":77,"column":1}},"29":{"start":{"line":62,"column":4},"end":{"line":76,"column":5}},"30":{"start":{"line":63,"column":26},"end":{"line":63,"column":58}},"31":{"start":{"line":64,"column":8},"end":{"line":66,"column":9}},"32":{"start":{"line":65,"column":12},"end":{"line":65,"column":101}},"33":{"start":{"line":68,"column":25},"end":{"line":68,"column":52}},"34":{"start":{"line":69,"column":25},"end":{"line":69,"column":111}},"35":{"start":{"line":70,"column":8},"end":{"line":70,"column":58}},"36":{"start":{"line":71,"column":8},"end":{"line":71,"column":39}},"37":{"start":{"line":74,"column":8},"end":{"line":74,"column":63}},"38":{"start":{"line":75,"column":8},"end":{"line":75,"column":107}},"39":{"start":{"line":79,"column":21},"end":{"line":99,"column":1}},"40":{"start":{"line":82,"column":29},"end":{"line":82,"column":60}},"41":{"start":{"line":83,"column":4},"end":{"line":86,"column":5}},"42":{"start":{"line":85,"column":8},"end":{"line":85,"column":97}},"43":{"start":{"line":87,"column":19},"end":{"line":92,"column":5}},"44":{"start":{"line":93,"column":21},"end":{"line":93,"column":92}},"45":{"start":{"line":94,"column":4},"end":{"line":98,"column":5}},"46":{"start":{"line":95,"column":8},"end":{"line":95,"column":31}},"47":{"start":{"line":97,"column":8},"end":{"line":97,"column":95}},"48":{"start":{"line":101,"column":21},"end":{"line":123,"column":1}},"49":{"start":{"line":104,"column":29},"end":{"line":104,"column":60}},"50":{"start":{"line":105,"column":4},"end":{"line":108,"column":5}},"51":{"start":{"line":107,"column":8},"end":{"line":107,"column":97}},"52":{"start":{"line":110,"column":21},"end":{"line":110,"column":48}},"53":{"start":{"line":111,"column":19},"end":{"line":116,"column":5}},"54":{"start":{"line":117,"column":21},"end":{"line":117,"column":114}},"55":{"start":{"line":118,"column":4},"end":{"line":122,"column":5}},"56":{"start":{"line":119,"column":8},"end":{"line":119,"column":31}},"57":{"start":{"line":121,"column":8},"end":{"line":121,"column":96}},"58":{"start":{"line":125,"column":21},"end":{"line":144,"column":1}},"59":{"start":{"line":127,"column":4},"end":{"line":143,"column":5}},"60":{"start":{"line":128,"column":26},"end":{"line":128,"column":58}},"61":{"start":{"line":129,"column":8},"end":{"line":131,"column":9}},"62":{"start":{"line":130,"column":12},"end":{"line":130,"column":101}},"63":{"start":{"line":133,"column":25},"end":{"line":133,"column":52}},"64":{"start":{"line":134,"column":25},"end":{"line":134,"column":107}},"65":{"start":{"line":135,"column":8},"end":{"line":139,"column":9}},"66":{"start":{"line":136,"column":12},"end":{"line":136,"column":35}},"67":{"start":{"line":138,"column":12},"end":{"line":138,"column":96}},"68":{"start":{"line":141,"column":8},"end":{"line":141,"column":63}},"69":{"start":{"line":142,"column":8},"end":{"line":142,"column":87}},"70":{"start":{"line":146,"column":0},"end":{"line":152,"column":2}}},"fnMap":{"0":{"name":"(anonymous_0)","decl":{"start":{"line":19,"column":37},"end":{"line":19,"column":38}},"loc":{"start":{"line":19,"column":57},"end":{"line":24,"column":1}},"line":19},"1":{"name":"(anonymous_1)","decl":{"start":{"line":27,"column":15},"end":{"line":27,"column":16}},"loc":{"start":{"line":27,"column":33},"end":{"line":58,"column":1}},"line":27},"2":{"name":"(anonymous_2)","decl":{"start":{"line":60,"column":18},"end":{"line":60,"column":19}},"loc":{"start":{"line":60,"column":36},"end":{"line":77,"column":1}},"line":60},"3":{"name":"(anonymous_3)","decl":{"start":{"line":79,"column":21},"end":{"line":79,"column":22}},"loc":{"start":{"line":79,"column":39},"end":{"line":99,"column":1}},"line":79},"4":{"name":"(anonymous_4)","decl":{"start":{"line":101,"column":21},"end":{"line":101,"column":22}},"loc":{"start":{"line":101,"column":40},"end":{"line":123,"column":1}},"line":101},"5":{"name":"(anonymous_5)","decl":{"start":{"line":125,"column":21},"end":{"line":125,"column":22}},"loc":{"start":{"line":125,"column":40},"end":{"line":144,"column":1}},"line":125}},"branchMap":{"0":{"loc":{"start":{"line":20,"column":4},"end":{"line":22,"column":5}},"type":"if","locations":[{"start":{"line":20,"column":4},"end":{"line":22,"column":5}},{"start":{},"end":{}}],"line":20},"1":{"loc":{"start":{"line":32,"column":12},"end":{"line":34,"column":13}},"type":"if","locations":[{"start":{"line":32,"column":12},"end":{"line":34,"column":13}},{"start":{},"end":{}}],"line":32},"2":{"loc":{"start":{"line":38,"column":12},"end":{"line":40,"column":13}},"type":"if","locations":[{"start":{"line":38,"column":12},"end":{"line":40,"column":13}},{"start":{},"end":{}}],"line":38},"3":{"loc":{"start":{"line":41,"column":12},"end":{"line":43,"column":13}},"type":"if","locations":[{"start":{"line":41,"column":12},"end":{"line":43,"column":13}},{"start":{},"end":{}}],"line":41},"4":{"loc":{"start":{"line":44,"column":12},"end":{"line":46,"column":13}},"type":"if","locations":[{"start":{"line":44,"column":12},"end":{"line":46,"column":13}},{"start":{},"end":{}}],"line":44},"5":{"loc":{"start":{"line":47,"column":12},"end":{"line":49,"column":13}},"type":"if","locations":[{"start":{"line":47,"column":12},"end":{"line":49,"column":13}},{"start":{},"end":{}}],"line":47},"6":{"loc":{"start":{"line":64,"column":8},"end":{"line":66,"column":9}},"type":"if","locations":[{"start":{"line":64,"column":8},"end":{"line":66,"column":9}},{"start":{},"end":{}}],"line":64},"7":{"loc":{"start":{"line":83,"column":4},"end":{"line":86,"column":5}},"type":"if","locations":[{"start":{"line":83,"column":4},"end":{"line":86,"column":5}},{"start":{},"end":{}}],"line":83},"8":{"loc":{"start":{"line":94,"column":4},"end":{"line":98,"column":5}},"type":"if","locations":[{"start":{"line":94,"column":4},"end":{"line":98,"column":5}},{"start":{"line":96,"column":11},"end":{"line":98,"column":5}}],"line":94},"9":{"loc":{"start":{"line":97,"column":29},"end":{"line":97,"column":93}},"type":"binary-expr","locations":[{"start":{"line":97,"column":29},"end":{"line":97,"column":43}},{"start":{"line":97,"column":47},"end":{"line":97,"column":93}}],"line":97},"10":{"loc":{"start":{"line":105,"column":4},"end":{"line":108,"column":5}},"type":"if","locations":[{"start":{"line":105,"column":4},"end":{"line":108,"column":5}},{"start":{},"end":{}}],"line":105},"11":{"loc":{"start":{"line":118,"column":4},"end":{"line":122,"column":5}},"type":"if","locations":[{"start":{"line":118,"column":4},"end":{"line":122,"column":5}},{"start":{"line":120,"column":11},"end":{"line":122,"column":5}}],"line":118},"12":{"loc":{"start":{"line":121,"column":29},"end":{"line":121,"column":94}},"type":"binary-expr","locations":[{"start":{"line":121,"column":29},"end":{"line":121,"column":43}},{"start":{"line":121,"column":47},"end":{"line":121,"column":94}}],"line":121},"13":{"loc":{"start":{"line":129,"column":8},"end":{"line":131,"column":9}},"type":"if","locations":[{"start":{"line":129,"column":8},"end":{"line":131,"column":9}},{"start":{},"end":{}}],"line":129},"14":{"loc":{"start":{"line":135,"column":8},"end":{"line":139,"column":9}},"type":"if","locations":[{"start":{"line":135,"column":8},"end":{"line":139,"column":9}},{"start":{"line":137,"column":15},"end":{"line":139,"column":9}}],"line":135},"15":{"loc":{"start":{"line":138,"column":28},"end":{"line":138,"column":94}},"type":"binary-expr","locations":[{"start":{"line":138,"column":28},"end":{"line":138,"column":42}},{"start":{"line":138,"column":46},"end":{"line":138,"column":94}}],"line":138}},"s":{"0":1,"1":1,"2":1,"3":1,"4":1,"5":1,"6":0,"7":0,"8":0,"9":1,"10":0,"11":0,"12":0,"13":0,"14":0,"15":0,"16":0,"17":0,"18":0,"19":0,"20":0,"21":0,"22":0,"23":0,"24":0,"25":0,"26":0,"27":0,"28":1,"29":0,"30":0,"31":0,"32":0,"33":0,"34":0,"35":0,"36":0,"37":0,"38":0,"39":1,"40":0,"41":0,"42":0,"43":0,"44":0,"45":0,"46":0,"47":0,"48":1,"49":1,"50":1,"51":1,"52":0,"53":0,"54":0,"55":0,"56":0,"57":0,"58":1,"59":0,"60":0,"61":0,"62":0,"63":0,"64":0,"65":0,"66":0,"67":0,"68":0,"69":0,"70":1},"f":{"0":0,"1":0,"2":0,"3":0,"4":1,"5":0},"b":{"0":[0,0],"1":[0,0],"2":[0,0],"3":[0,0],"4":[0,0],"5":[0,0],"6":[0,0],"7":[0,0],"8":[0,0],"9":[0,0],"10":[1,0],"11":[0,0],"12":[0,0],"13":[0,0],"14":[0,0],"15":[0,0]},"_coverageSchema":"1a1c01bbd47fc00a2c39e90264f33305004495a9","hash":"870866632b90e986b0d5315a79f8204ab0e8acac"}
,"C:\\Users\\Fa\\Desktop\\Coding and programming\\cse341-web-services\\team-project\\team3_recipeApp\\data\\database.js": {"path":"C:\\Users\\Fa\\Desktop\\Coding and programming\\cse341-web-services\\team-project\\team3_recipeApp\\data\\database.js","statementMap":{"0":{"start":{"line":1,"column":15},"end":{"line":1,"column":32}},"1":{"start":{"line":2,"column":0},"end":{"line":2,"column":16}},"2":{"start":{"line":4,"column":20},"end":{"line":4,"column":50}},"3":{"start":{"line":8,"column":15},"end":{"line":21,"column":1}},"4":{"start":{"line":9,"column":4},"end":{"line":12,"column":5}},"5":{"start":{"line":10,"column":8},"end":{"line":10,"column":49}},"6":{"start":{"line":11,"column":8},"end":{"line":11,"column":40}},"7":{"start":{"line":13,"column":4},"end":{"line":20,"column":6}},"8":{"start":{"line":15,"column":8},"end":{"line":15,"column":26}},"9":{"start":{"line":16,"column":8},"end":{"line":16,"column":33}},"10":{"start":{"line":19,"column":8},"end":{"line":19,"column":22}},"11":{"start":{"line":23,"column":20},"end":{"line":28,"column":1}},"12":{"start":{"line":24,"column":4},"end":{"line":26,"column":5}},"13":{"start":{"line":25,"column":8},"end":{"line":25,"column":48}},"14":{"start":{"line":27,"column":4},"end":{"line":27,"column":20}},"15":{"start":{"line":30,"column":0},"end":{"line":33,"column":2}}},"fnMap":{"0":{"name":"(anonymous_0)","decl":{"start":{"line":8,"column":15},"end":{"line":8,"column":16}},"loc":{"start":{"line":8,"column":29},"end":{"line":21,"column":1}},"line":8},"1":{"name":"(anonymous_1)","decl":{"start":{"line":14,"column":10},"end":{"line":14,"column":11}},"loc":{"start":{"line":14,"column":22},"end":{"line":17,"column":5}},"line":14},"2":{"name":"(anonymous_2)","decl":{"start":{"line":18,"column":11},"end":{"line":18,"column":12}},"loc":{"start":{"line":18,"column":20},"end":{"line":20,"column":5}},"line":18},"3":{"name":"(anonymous_3)","decl":{"start":{"line":23,"column":20},"end":{"line":23,"column":21}},"loc":{"start":{"line":23,"column":26},"end":{"line":28,"column":1}},"line":23}},"branchMap":{"0":{"loc":{"start":{"line":9,"column":4},"end":{"line":12,"column":5}},"type":"if","locations":[{"start":{"line":9,"column":4},"end":{"line":12,"column":5}},{"start":{},"end":{}}],"line":9},"1":{"loc":{"start":{"line":24,"column":4},"end":{"line":26,"column":5}},"type":"if","locations":[{"start":{"line":24,"column":4},"end":{"line":26,"column":5}},{"start":{},"end":{}}],"line":24}},"s":{"0":1,"1":1,"2":1,"3":1,"4":1,"5":0,"6":0,"7":1,"8":1,"9":1,"10":0,"11":1,"12":2,"13":0,"14":2,"15":1},"f":{"0":1,"1":1,"2":0,"3":2},"b":{"0":[0,1],"1":[0,2]},"_coverageSchema":"1a1c01bbd47fc00a2c39e90264f33305004495a9","hash":"5d0af14d82656c65585703f502ca8f14479e6f58"}
}
