TN:
SF:controllers\recipe.js
FN:19,(anonymous_0)
FN:27,(anonymous_1)
FN:60,(anonymous_2)
FN:79,(anonymous_3)
FN:101,(anonymous_4)
FN:125,(anonymous_5)
FNF:6
FNH:6
FNDA:2,(anonymous_0)
FNDA:1,(anonymous_1)
FNDA:1,(anonymous_2)
FNDA:1,(anonymous_3)
FNDA:1,(anonymous_4)
FNDA:1,(anonymous_5)
DA:1,1
DA:2,1
DA:3,1
DA:5,1
DA:12,1
DA:19,1
DA:20,2
DA:21,0
DA:23,2
DA:27,1
DA:29,1
DA:30,1
DA:32,1
DA:33,0
DA:37,1
DA:38,1
DA:39,0
DA:41,1
DA:42,0
DA:44,1
DA:45,0
DA:47,1
DA:48,0
DA:51,1
DA:52,1
DA:53,1
DA:55,0
DA:56,0
DA:60,1
DA:62,1
DA:63,1
DA:64,1
DA:65,0
DA:68,1
DA:69,1
DA:70,1
DA:71,1
DA:74,0
DA:75,0
DA:79,1
DA:82,1
DA:83,1
DA:85,0
DA:87,1
DA:93,1
DA:94,1
DA:95,1
DA:97,0
DA:101,1
DA:104,1
DA:105,1
DA:107,0
DA:110,1
DA:111,1
DA:117,1
DA:118,1
DA:119,1
DA:121,0
DA:125,1
DA:127,1
DA:128,1
DA:129,1
DA:130,0
DA:133,1
DA:134,1
DA:135,1
DA:136,1
DA:138,0
DA:141,0
DA:142,0
DA:146,1
LF:71
LH:52
BRDA:20,0,0,0
BRDA:20,0,1,2
BRDA:32,1,0,0
BRDA:32,1,1,1
BRDA:38,2,0,0
BRDA:38,2,1,1
BRDA:41,3,0,0
BRDA:41,3,1,1
BRDA:44,4,0,0
BRDA:44,4,1,1
BRDA:47,5,0,0
BRDA:47,5,1,1
BRDA:64,6,0,0
BRDA:64,6,1,1
BRDA:83,7,0,0
BRDA:83,7,1,1
BRDA:94,8,0,1
BRDA:94,8,1,0
BRDA:97,9,0,0
BRDA:97,9,1,0
BRDA:105,10,0,0
BRDA:105,10,1,1
BRDA:118,11,0,1
BRDA:118,11,1,0
BRDA:121,12,0,0
BRDA:121,12,1,0
BRDA:129,13,0,0
BRDA:129,13,1,1
BRDA:135,14,0,1
BRDA:135,14,1,0
BRDA:138,15,0,0
BRDA:138,15,1,0
BRF:32
BRH:13
end_of_record
TN:
SF:controllers\users.js
FN:17,(anonymous_0)
FN:25,(anonymous_1)
FN:59,(anonymous_2)
FN:78,(anonymous_3)
FN:99,(anonymous_4)
FN:121,(anonymous_5)
FNF:6
FNH:6
FNDA:2,(anonymous_0)
FNDA:1,(anonymous_1)
FNDA:1,(anonymous_2)
FNDA:1,(anonymous_3)
FNDA:1,(anonymous_4)
FNDA:1,(anonymous_5)
DA:1,1
DA:2,1
DA:3,1
DA:5,1
DA:11,1
DA:17,1
DA:18,2
DA:19,0
DA:21,2
DA:25,1
DA:27,1
DA:28,1
DA:30,1
DA:31,0
DA:35,1
DA:37,1
DA:38,0
DA:41,1
DA:42,0
DA:45,1
DA:46,0
DA:50,1
DA:51,1
DA:52,1
DA:54,0
DA:55,0
DA:59,1
DA:61,1
DA:62,1
DA:63,1
DA:64,0
DA:67,1
DA:68,1
DA:69,1
DA:70,1
DA:73,0
DA:74,0
DA:78,1
DA:80,1
DA:81,1
DA:83,0
DA:86,1
DA:91,1
DA:92,1
DA:93,1
DA:95,0
DA:99,1
DA:101,1
DA:102,1
DA:104,0
DA:107,1
DA:108,1
DA:113,1
DA:114,1
DA:115,1
DA:117,0
DA:121,1
DA:123,1
DA:124,1
DA:125,1
DA:126,0
DA:128,1
DA:129,1
DA:130,1
DA:131,1
DA:133,0
DA:136,0
DA:137,0
DA:141,1
LF:69
LH:51
BRDA:18,0,0,0
BRDA:18,0,1,2
BRDA:30,1,0,0
BRDA:30,1,1,1
BRDA:37,2,0,0
BRDA:37,2,1,1
BRDA:41,3,0,0
BRDA:41,3,1,1
BRDA:45,4,0,0
BRDA:45,4,1,1
BRDA:63,5,0,0
BRDA:63,5,1,1
BRDA:81,6,0,0
BRDA:81,6,1,1
BRDA:92,7,0,1
BRDA:92,7,1,0
BRDA:95,8,0,0
BRDA:95,8,1,0
BRDA:102,9,0,0
BRDA:102,9,1,1
BRDA:114,10,0,1
BRDA:114,10,1,0
BRDA:117,11,0,0
BRDA:117,11,1,0
BRDA:125,12,0,0
BRDA:125,12,1,1
BRDA:130,13,0,1
BRDA:130,13,1,0
BRDA:133,14,0,0
BRDA:133,14,1,0
BRF:30
BRH:12
end_of_record
TN:
SF:data\database.js
FN:8,(anonymous_0)
FN:14,(anonymous_1)
FN:18,(anonymous_2)
FN:23,(anonymous_3)
FNF:4
FNH:0
FNDA:0,(anonymous_0)
FNDA:0,(anonymous_1)
FNDA:0,(anonymous_2)
FNDA:0,(anonymous_3)
DA:1,2
DA:2,2
DA:4,2
DA:8,2
DA:9,0
DA:10,0
DA:11,0
DA:13,0
DA:15,0
DA:16,0
DA:19,0
DA:23,2
DA:24,0
DA:25,0
DA:27,0
DA:30,2
LF:16
LH:6
BRDA:9,0,0,0
BRDA:9,0,1,0
BRDA:24,1,0,0
BRDA:24,1,1,0
BRF:4
BRH:0
end_of_record
