TN:
SF:controllers\recipe.js
FN:19,(anonymous_0)
FN:27,(anonymous_1)
FN:60,(anonymous_2)
FN:79,(anonymous_3)
FN:101,(anonymous_4)
FN:125,(anonymous_5)
FNF:6
FNH:1
FNDA:0,(anonymous_0)
FNDA:0,(anonymous_1)
FNDA:0,(anonymous_2)
FNDA:0,(anonymous_3)
FNDA:1,(anonymous_4)
FNDA:0,(anonymous_5)
DA:1,1
DA:2,1
DA:3,1
DA:5,1
DA:12,1
DA:19,1
DA:20,0
DA:21,0
DA:23,0
DA:27,1
DA:29,0
DA:30,0
DA:32,0
DA:33,0
DA:37,0
DA:38,0
DA:39,0
DA:41,0
DA:42,0
DA:44,0
DA:45,0
DA:47,0
DA:48,0
DA:51,0
DA:52,0
DA:53,0
DA:55,0
DA:56,0
DA:60,1
DA:62,0
DA:63,0
DA:64,0
DA:65,0
DA:68,0
DA:69,0
DA:70,0
DA:71,0
DA:74,0
DA:75,0
DA:79,1
DA:82,0
DA:83,0
DA:85,0
DA:87,0
DA:93,0
DA:94,0
DA:95,0
DA:97,0
DA:101,1
DA:104,1
DA:105,1
DA:107,1
DA:110,0
DA:111,0
DA:117,0
DA:118,0
DA:119,0
DA:121,0
DA:125,1
DA:127,0
DA:128,0
DA:129,0
DA:130,0
DA:133,0
DA:134,0
DA:135,0
DA:136,0
DA:138,0
DA:141,0
DA:142,0
DA:146,1
LF:71
LH:15
BRDA:20,0,0,0
BRDA:20,0,1,0
BRDA:32,1,0,0
BRDA:32,1,1,0
BRDA:38,2,0,0
BRDA:38,2,1,0
BRDA:41,3,0,0
BRDA:41,3,1,0
BRDA:44,4,0,0
BRDA:44,4,1,0
BRDA:47,5,0,0
BRDA:47,5,1,0
BRDA:64,6,0,0
BRDA:64,6,1,0
BRDA:83,7,0,0
BRDA:83,7,1,0
BRDA:94,8,0,0
BRDA:94,8,1,0
BRDA:97,9,0,0
BRDA:97,9,1,0
BRDA:105,10,0,1
BRDA:105,10,1,0
BRDA:118,11,0,0
BRDA:118,11,1,0
BRDA:121,12,0,0
BRDA:121,12,1,0
BRDA:129,13,0,0
BRDA:129,13,1,0
BRDA:135,14,0,0
BRDA:135,14,1,0
BRDA:138,15,0,0
BRDA:138,15,1,0
BRF:32
BRH:1
end_of_record
TN:
SF:data\database.js
FN:8,(anonymous_0)
FN:14,(anonymous_1)
FN:18,(anonymous_2)
FN:23,(anonymous_3)
FNF:4
FNH:3
FNDA:1,(anonymous_0)
FNDA:1,(anonymous_1)
FNDA:0,(anonymous_2)
FNDA:2,(anonymous_3)
DA:1,1
DA:2,1
DA:4,1
DA:8,1
DA:9,1
DA:10,0
DA:11,0
DA:13,1
DA:15,1
DA:16,1
DA:19,0
DA:23,1
DA:24,2
DA:25,0
DA:27,2
DA:30,1
LF:16
LH:12
BRDA:9,0,0,0
BRDA:9,0,1,1
BRDA:24,1,0,0
BRDA:24,1,1,2
BRF:4
BRH:2
end_of_record
